WARNING: AutoLibraryloader::enable() and AutoLibraryLoader.h are deprecated.
Use FWLiteEnabler::enable() and FWLiteEnabler.h instead

Processing readxml_lambda_C.cc...
  ----------------------------------------------------
 | Variable0  | (DlxyBS/sqrt(DlxyBSErr))     | FMax   |
  ----------------------------------------------------
 | Variable1  | Dchi2cl                      | FMax   |
  ----------------------------------------------------
 | Variable2  | alpha_2D_BS_test             | FMin   |
  ----------------------------------------------------
 | Variable3  | kaon_pt/Dpt                  | FMax   |
  ----------------------------------------------------
 | Variable4  | pion_pt/Dpt                  | FMax   |
  ----------------------------------------------------
 | Variable5  | proton_pt/Dpt                | FMax   |
  ====================================================

Looking for max significance ...

  ==================================================
 |                     Opt Result                   |
  --------------------------------------------------
 | Sig eff    | 0.66       | S/sqrt(S+B)   | 5.02698 |
  --------------------------------------------------
 | (DlxyBS/sqrt(DlxyBSErr))    | 1.46024            |
  --------------------------------------------------
 | Dchi2cl                     | 0.100449           |
  --------------------------------------------------
 | alpha_2D_BS_test            | 0.658503           |
  --------------------------------------------------
 | kaon_pt/Dpt                 | 0.145285           |
  --------------------------------------------------
 | pion_pt/Dpt                 | 0.13832            |
  --------------------------------------------------
 | proton_pt/Dpt               | 0.278301           |
 ===================================================

Info in <TCanvas::Print>: pdf file plots/Significance_pp__4.0_5.0_repeat_before_oldweight.pdf has been created
WARNING: AutoLibraryloader::enable() and AutoLibraryLoader.h are deprecated.
Use FWLiteEnabler::enable() and FWLiteEnabler.h instead

Processing readxml_lambda_C.cc...
  ----------------------------------------------------
 | Variable0  | (DlxyBS/sqrt(DlxyBSErr))     | FMax   |
  ----------------------------------------------------
 | Variable1  | Dchi2cl                      | FMax   |
  ----------------------------------------------------
 | Variable2  | alpha_BS_2D_correction       | FMin   |
  ----------------------------------------------------
 | Variable3  | kaon_pt/Dpt                  | FMax   |
  ----------------------------------------------------
 | Variable4  | pion_pt/Dpt                  | FMax   |
  ----------------------------------------------------
 | Variable5  | proton_pt/Dpt                | FMax   |
  ====================================================

Looking for max significance ...

  ==================================================
 |                     Opt Result                   |
  --------------------------------------------------
 | Sig eff    | 0.5        | S/sqrt(S+B)   | 1.24407 |
  --------------------------------------------------
 | (DlxyBS/sqrt(DlxyBSErr))    | 2.2294             |
  --------------------------------------------------
 | Dchi2cl                     | 0.0602458          |
  --------------------------------------------------
 | alpha_BS_2D_correction      | 1.05358            |
  --------------------------------------------------
 | kaon_pt/Dpt                 | 0.095404           |
  --------------------------------------------------
 | pion_pt/Dpt                 | 0.0457466          |
  --------------------------------------------------
 | proton_pt/Dpt               | 0.268708           |
 ===================================================

