   ------------------------------------------------------------
  | Welcome to ROOT 6.02/13                http://root.cern.ch |
  |                               (c) 1995-2014, The ROOT Team |
  | Built for linuxx8664gcc                                    |
  | From tag , 24 June 2015                                    |
  | Try '.help', '.demo', '.license', '.credits', '.quit'/'.q' |
   ------------------------------------------------------------

   ------------------------------------------------------------
  | Welcome to ROOT 6.02/13                http://root.cern.ch |
  |                               (c) 1995-2014, The ROOT Team |
  | Built for linuxx8664gcc                                    |
  | From tag , 24 June 2015                                    |
  | Try '.help', '.demo', '.license', '.credits', '.quit'/'.q' |
   ------------------------------------------------------------

   ------------------------------------------------------------
  | Welcome to ROOT 6.02/13                http://root.cern.ch |
  |                               (c) 1995-2014, The ROOT Team |
  | Built for linuxx8664gcc                                    |
  | From tag , 24 June 2015                                    |
  | Try '.help', '.demo', '.license', '.credits', '.quit'/'.q' |
   ------------------------------------------------------------

   ------------------------------------------------------------
   ------------------------------------------------------------
  | Welcome to ROOT 6.02/13                http://root.cern.ch |
  |                               (c) 1995-2014, The ROOT Team |
  | Built for linuxx8664gcc                                    |
  | Welcome to ROOT 6.02/13                http://root.cern.ch |
  | From tag , 24 June 2015                                    |
  |                               (c) 1995-2014, The ROOT Team |
  | Built for linuxx8664gcc                                    |
  | From tag , 24 June 2015                                    |
  | Try '.help', '.demo', '.license', '.credits', '.quit'/'.q' |
   ------------------------------------------------------------

  | Try '.help', '.demo', '.license', '.credits', '.quit'/'.q' |
   ------------------------------------------------------------

   ------------------------------------------------------------
   ------------------------------------------------------------
  | Welcome to ROOT 6.02/13                http://root.cern.ch |
  | Welcome to ROOT 6.02/13                http://root.cern.ch |
  |                               (c) 1995-2014, The ROOT Team |
  |                               (c) 1995-2014, The ROOT Team |
  | Built for linuxx8664gcc                                    |
  | Built for linuxx8664gcc                                    |
  | From tag , 24 June 2015                                    |
  | From tag , 24 June 2015                                    |
  | Try '.help', '.demo', '.license', '.credits', '.quit'/'.q' |
  | Try '.help', '.demo', '.license', '.credits', '.quit'/'.q' |
   ------------------------------------------------------------

   ------------------------------------------------------------

   ------------------------------------------------------------
  | Welcome to ROOT 6.02/13                http://root.cern.ch |
  |                               (c) 1995-2014, The ROOT Team |
  | Built for linuxx8664gcc                                    |
  | From tag , 24 June 2015                                    |
  | Try '.help', '.demo', '.license', '.credits', '.quit'/'.q' |
   ------------------------------------------------------------

   ------------------------------------------------------------
  | Welcome to ROOT 6.02/13                http://root.cern.ch |
  |                               (c) 1995-2014, The ROOT Team |
  | Built for linuxx8664gcc                                    |
  | From tag , 24 June 2015                                    |
  | Try '.help', '.demo', '.license', '.credits', '.quit'/'.q' |
   ------------------------------------------------------------

   ------------------------------------------------------------
  | Welcome to ROOT 6.02/13                http://root.cern.ch |
  |                               (c) 1995-2014, The ROOT Team |
  | Built for linuxx8664gcc                                    |
  | From tag , 24 June 2015                                    |
  | Try '.help', '.demo', '.license', '.credits', '.quit'/'.q' |
   ------------------------------------------------------------

   ------------------------------------------------------------
  | Welcome to ROOT 6.02/13                http://root.cern.ch |
  |                               (c) 1995-2014, The ROOT Team |
  | Built for linuxx8664gcc                                    |
  | From tag , 24 June 2015                                    |
  | Try '.help', '.demo', '.license', '.credits', '.quit'/'.q' |
   ------------------------------------------------------------

   ------------------------------------------------------------
  | Welcome to ROOT 6.02/13                http://root.cern.ch |
  |                               (c) 1995-2014, The ROOT Team |
  | Built for linuxx8664gcc                                    |
  | From tag , 24 June 2015                                    |
  | Try '.help', '.demo', '.license', '.credits', '.quit'/'.q' |
   ------------------------------------------------------------

   ------------------------------------------------------------
  | Welcome to ROOT 6.02/13                http://root.cern.ch |
  |                               (c) 1995-2014, The ROOT Team |
  | Built for linuxx8664gcc                                    |
  | From tag , 24 June 2015                                    |
  | Try '.help', '.demo', '.license', '.credits', '.quit'/'.q' |
   ------------------------------------------------------------

   ------------------------------------------------------------
  | Welcome to ROOT 6.02/13                http://root.cern.ch |
  |                               (c) 1995-2014, The ROOT Team |
  | Built for linuxx8664gcc                                    |
  | From tag , 24 June 2015                                    |
  | Try '.help', '.demo', '.license', '.credits', '.quit'/'.q' |
   ------------------------------------------------------------

   ------------------------------------------------------------
  | Welcome to ROOT 6.02/13                http://root.cern.ch |
  |                               (c) 1995-2014, The ROOT Team |
  | Built for linuxx8664gcc                                    |
  | From tag , 24 June 2015                                    |
  | Try '.help', '.demo', '.license', '.credits', '.quit'/'.q' |
   ------------------------------------------------------------

   ------------------------------------------------------------
  | Welcome to ROOT 6.02/13                http://root.cern.ch |
  |                               (c) 1995-2014, The ROOT Team |
  | Built for linuxx8664gcc                                    |
  | From tag , 24 June 2015                                    |
  | Try '.help', '.demo', '.license', '.credits', '.quit'/'.q' |
   ------------------------------------------------------------

   ------------------------------------------------------------
  | Welcome to ROOT 6.02/13                http://root.cern.ch |
  |                               (c) 1995-2014, The ROOT Team |
  | Built for linuxx8664gcc                                    |
  | From tag , 24 June 2015                                    |
  | Try '.help', '.demo', '.license', '.credits', '.quit'/'.q' |
   ------------------------------------------------------------

   ------------------------------------------------------------
  | Welcome to ROOT 6.02/13                http://root.cern.ch |
  |                               (c) 1995-2014, The ROOT Team |
  | Built for linuxx8664gcc                                    |
  | From tag , 24 June 2015                                    |
   ------------------------------------------------------------
  | Welcome to ROOT 6.02/13                http://root.cern.ch |
  |                               (c) 1995-2014, The ROOT Team |
  | Built for linuxx8664gcc                                    |
  | From tag , 24 June 2015                                    |
  | Try '.help', '.demo', '.license', '.credits', '.quit'/'.q' |
   ------------------------------------------------------------

  | Try '.help', '.demo', '.license', '.credits', '.quit'/'.q' |
   ------------------------------------------------------------

WARNING: AutoLibraryloader::enable() and AutoLibraryLoader.h are deprecated.
WARNING: AutoLibraryloader::enable() and AutoLibraryLoader.h are deprecated.
Use FWLiteEnabler::enable() and FWLiteEnabler.h insteadWARNING: AutoLibraryloader::enable() and AutoLibraryLoader.h are deprecated.
Use FWLiteEnabler::enable() and FWLiteEnabler.h instead

Use FWLiteEnabler::enable() and FWLiteEnabler.h instead
WARNING: AutoLibraryloader::enable() and AutoLibraryLoader.h are deprecated.
Use FWLiteEnabler::enable() and FWLiteEnabler.h instead
WARNING: AutoLibraryloader::enable() and AutoLibraryLoader.h are deprecated.
Use FWLiteEnabler::enable() and FWLiteEnabler.h instead
WARNING: AutoLibraryloader::enable() and AutoLibraryLoader.h are deprecated.
Use FWLiteEnabler::enable() and FWLiteEnabler.h instead
WARNING: AutoLibraryloader::enable() and AutoLibraryLoader.h are deprecated.
Use FWLiteEnabler::enable() and FWLiteEnabler.h instead
WARNING: AutoLibraryloader::enable() and AutoLibraryLoader.h are deprecated.
Use FWLiteEnabler::enable() and FWLiteEnabler.h instead
WARNING: AutoLibraryloader::enable() and AutoLibraryLoader.h are deprecated.
Use FWLiteEnabler::enable() and FWLiteEnabler.h instead
WARNING: AutoLibraryloader::enable() and AutoLibraryLoader.h are deprecated.
Use FWLiteEnabler::enable() and FWLiteEnabler.h instead
WARNING: AutoLibraryloader::enable() and AutoLibraryLoader.h are deprecated.
Use FWLiteEnabler::enable() and FWLiteEnabler.h instead
WARNING: AutoLibraryloader::enable() and AutoLibraryLoader.h are deprecated.
Use FWLiteEnabler::enable() and FWLiteEnabler.h instead
WARNING: AutoLibraryloader::enable() and AutoLibraryLoader.h are deprecated.
Use FWLiteEnabler::enable() and FWLiteEnabler.h instead
WARNING: AutoLibraryloader::enable() and AutoLibraryLoader.h are deprecated.
Use FWLiteEnabler::enable() and FWLiteEnabler.h instead
WARNING: AutoLibraryloader::enable() and AutoLibraryLoader.h are deprecated.
Use FWLiteEnabler::enable() and FWLiteEnabler.h instead
WARNING: AutoLibraryloader::enable() and AutoLibraryLoader.h are deprecated.
Use FWLiteEnabler::enable() and FWLiteEnabler.h instead
WARNING: AutoLibraryloader::enable() and AutoLibraryLoader.h are deprecated.
Use FWLiteEnabler::enable() and FWLiteEnabler.h instead
WARNING: AutoLibraryloader::enable() and AutoLibraryLoader.h are deprecated.
Use FWLiteEnabler::enable() and FWLiteEnabler.h instead
WARNING: AutoLibraryloader::enable() and AutoLibraryLoader.h are deprecated.
Use FWLiteEnabler::enable() and FWLiteEnabler.h instead
begin producing the outfiles
begin producing the outfiles
begin producing the outfiles
begin producing the outfiles
begin producing the outfiles
begin producing the outfiles
begin producing the outfiles
begin producing the outfiles
begin producing the outfiles
begin producing the outfiles
0 / 111858963
begin producing the outfiles
0 / 107904927
0 / 111841797
begin producing the outfiles
0 / 111772459
0 / 106013368
begin producing the outfiles
begin producing the outfiles
begin producing the outfiles
0 / 111214484
0 / 89720609
0 / 106299219
begin producing the outfiles
0 / 109687967
0 / 102174980
begin producing the outfiles
begin producing the outfiles
0 / 105279356
0 / 101601627
begin producing the outfiles
0 / 87736045
0 / 111859378
0 / 111633897
0 / 105075607
0 / 111826347
0 / 107374010
0 / 111851720
   ------------------------------------------------------------
  | Welcome to ROOT 6.02/13                http://root.cern.ch |
  |                               (c) 1995-2014, The ROOT Team |
  | Built for linuxx8664gcc                                    |
  | From tag , 24 June 2015                                    |
  | Try '.help', '.demo', '.license', '.credits', '.quit'/'.q' |
   ------------------------------------------------------------

   ------------------------------------------------------------
   ------------------------------------------------------------
   ------------------------------------------------------------
  | Welcome to ROOT 6.02/13                http://root.cern.ch |
  | Welcome to ROOT 6.02/13                http://root.cern.ch |
  |                               (c) 1995-2014, The ROOT Team |
  | Welcome to ROOT 6.02/13                http://root.cern.ch |
  |                               (c) 1995-2014, The ROOT Team |
  | Built for linuxx8664gcc                                    |
  |                               (c) 1995-2014, The ROOT Team |
  | Built for linuxx8664gcc                                    |
  | From tag , 24 June 2015                                    |
  | Built for linuxx8664gcc                                    |
  | From tag , 24 June 2015                                    |
  | From tag , 24 June 2015                                    |
  | Try '.help', '.demo', '.license', '.credits', '.quit'/'.q' |
   ------------------------------------------------------------

  | Try '.help', '.demo', '.license', '.credits', '.quit'/'.q' |
  | Try '.help', '.demo', '.license', '.credits', '.quit'/'.q' |
   ------------------------------------------------------------

   ------------------------------------------------------------

   ------------------------------------------------------------
  | Welcome to ROOT 6.02/13                http://root.cern.ch |
  |                               (c) 1995-2014, The ROOT Team |
  | Built for linuxx8664gcc                                    |
  | From tag , 24 June 2015                                    |
  | Try '.help', '.demo', '.license', '.credits', '.quit'/'.q' |
   ------------------------------------------------------------

   ------------------------------------------------------------
  | Welcome to ROOT 6.02/13                http://root.cern.ch |
  |                               (c) 1995-2014, The ROOT Team |
  | Built for linuxx8664gcc                                    |
  | From tag , 24 June 2015                                    |
  | Try '.help', '.demo', '.license', '.credits', '.quit'/'.q' |
   ------------------------------------------------------------

   ------------------------------------------------------------
  | Welcome to ROOT 6.02/13                http://root.cern.ch |
  |                               (c) 1995-2014, The ROOT Team |
  | Built for linuxx8664gcc                                    |
  | From tag , 24 June 2015                                    |
  | Try '.help', '.demo', '.license', '.credits', '.quit'/'.q' |
   ------------------------------------------------------------

   ------------------------------------------------------------
  | Welcome to ROOT 6.02/13                http://root.cern.ch |
  |                               (c) 1995-2014, The ROOT Team |
  | Built for linuxx8664gcc                                    |
  | From tag , 24 June 2015                                    |
  | Try '.help', '.demo', '.license', '.credits', '.quit'/'.q' |
   ------------------------------------------------------------

   ------------------------------------------------------------
  | Welcome to ROOT 6.02/13                http://root.cern.ch |
  |                               (c) 1995-2014, The ROOT Team |
  | Built for linuxx8664gcc                                    |
  | From tag , 24 June 2015                                    |
  | Try '.help', '.demo', '.license', '.credits', '.quit'/'.q' |
   ------------------------------------------------------------

   ------------------------------------------------------------
  | Welcome to ROOT 6.02/13                http://root.cern.ch |
  |                               (c) 1995-2014, The ROOT Team |
  | Built for linuxx8664gcc                                    |
  | From tag , 24 June 2015                                    |
  | Try '.help', '.demo', '.license', '.credits', '.quit'/'.q' |
   ------------------------------------------------------------

   ------------------------------------------------------------
  | Welcome to ROOT 6.02/13                http://root.cern.ch |
  |                               (c) 1995-2014, The ROOT Team |
  | Built for linuxx8664gcc                                    |
  | From tag , 24 June 2015                                    |
  | Try '.help', '.demo', '.license', '.credits', '.quit'/'.q' |
   ------------------------------------------------------------

   ------------------------------------------------------------
  | Welcome to ROOT 6.02/13                http://root.cern.ch |
  |                               (c) 1995-2014, The ROOT Team |
  | Built for linuxx8664gcc                                    |
  | From tag , 24 June 2015                                    |
  | Try '.help', '.demo', '.license', '.credits', '.quit'/'.q' |
   ------------------------------------------------------------

   ------------------------------------------------------------
  | Welcome to ROOT 6.02/13                http://root.cern.ch |
  |                               (c) 1995-2014, The ROOT Team |
  | Built for linuxx8664gcc                                    |
  | From tag , 24 June 2015                                    |
  | Try '.help', '.demo', '.license', '.credits', '.quit'/'.q' |
   ------------------------------------------------------------

   ------------------------------------------------------------
  | Welcome to ROOT 6.02/13                http://root.cern.ch |
  |                               (c) 1995-2014, The ROOT Team |
  | Built for linuxx8664gcc                                    |
  | From tag , 24 June 2015                                    |
  | Try '.help', '.demo', '.license', '.credits', '.quit'/'.q' |
   ------------------------------------------------------------

   ------------------------------------------------------------
  | Welcome to ROOT 6.02/13                http://root.cern.ch |
  |                               (c) 1995-2014, The ROOT Team |
  | Built for linuxx8664gcc                                    |
  | From tag , 24 June 2015                                    |
  | Try '.help', '.demo', '.license', '.credits', '.quit'/'.q' |
   ------------------------------------------------------------

   ------------------------------------------------------------
  | Welcome to ROOT 6.02/13                http://root.cern.ch |
  |                               (c) 1995-2014, The ROOT Team |
  | Built for linuxx8664gcc                                    |
  | From tag , 24 June 2015                                    |
  | Try '.help', '.demo', '.license', '.credits', '.quit'/'.q' |
   ------------------------------------------------------------

   ------------------------------------------------------------
  | Welcome to ROOT 6.02/13                http://root.cern.ch |
  |                               (c) 1995-2014, The ROOT Team |
  | Built for linuxx8664gcc                                    |
  | From tag , 24 June 2015                                    |
  | Try '.help', '.demo', '.license', '.credits', '.quit'/'.q' |
   ------------------------------------------------------------

   ------------------------------------------------------------
  | Welcome to ROOT 6.02/13                http://root.cern.ch |
  |                               (c) 1995-2014, The ROOT Team |
  | Built for linuxx8664gcc                                    |
  | From tag , 24 June 2015                                    |
  | Try '.help', '.demo', '.license', '.credits', '.quit'/'.q' |
   ------------------------------------------------------------

   ------------------------------------------------------------
  | Welcome to ROOT 6.02/13                http://root.cern.ch |
  |                               (c) 1995-2014, The ROOT Team |
  | Built for linuxx8664gcc                                    |
  | From tag , 24 June 2015                                    |
  | Try '.help', '.demo', '.license', '.credits', '.quit'/'.q' |
   ------------------------------------------------------------

WARNING: AutoLibraryloader::enable() and AutoLibraryLoader.h are deprecated.
WARNING: AutoLibraryloader::enable() and AutoLibraryLoader.h are deprecated.
WARNING: AutoLibraryloader::enable() and AutoLibraryLoader.h are deprecated.
Use FWLiteEnabler::enable() and FWLiteEnabler.h insteadUse FWLiteEnabler::enable() and FWLiteEnabler.h insteadUse FWLiteEnabler::enable() and FWLiteEnabler.h instead


WARNING: AutoLibraryloader::enable() and AutoLibraryLoader.h are deprecated.
Use FWLiteEnabler::enable() and FWLiteEnabler.h instead
WARNING: AutoLibraryloader::enable() and AutoLibraryLoader.h are deprecated.
Use FWLiteEnabler::enable() and FWLiteEnabler.h instead
WARNING: AutoLibraryloader::enable() and AutoLibraryLoader.h are deprecated.
Use FWLiteEnabler::enable() and FWLiteEnabler.h instead
WARNING: AutoLibraryloader::enable() and AutoLibraryLoader.h are deprecated.
Use FWLiteEnabler::enable() and FWLiteEnabler.h instead
WARNING: AutoLibraryloader::enable() and AutoLibraryLoader.h are deprecated.
Use FWLiteEnabler::enable() and FWLiteEnabler.h instead
WARNING: AutoLibraryloader::enable() and AutoLibraryLoader.h are deprecated.
Use FWLiteEnabler::enable() and FWLiteEnabler.h instead
WARNING: AutoLibraryloader::enable() and AutoLibraryLoader.h are deprecated.
Use FWLiteEnabler::enable() and FWLiteEnabler.h instead
WARNING: AutoLibraryloader::enable() and AutoLibraryLoader.h are deprecated.
Use FWLiteEnabler::enable() and FWLiteEnabler.h instead
WARNING: AutoLibraryloader::enable() and AutoLibraryLoader.h are deprecated.
Use FWLiteEnabler::enable() and FWLiteEnabler.h instead
WARNING: AutoLibraryloader::enable() and AutoLibraryLoader.h are deprecated.
WARNING: AutoLibraryloader::enable() and AutoLibraryLoader.h are deprecated.
Use FWLiteEnabler::enable() and FWLiteEnabler.h insteadUse FWLiteEnabler::enable() and FWLiteEnabler.h instead

WARNING: AutoLibraryloader::enable() and AutoLibraryLoader.h are deprecated.
Use FWLiteEnabler::enable() and FWLiteEnabler.h instead
WARNING: AutoLibraryloader::enable() and AutoLibraryLoader.h are deprecated.
Use FWLiteEnabler::enable() and FWLiteEnabler.h instead
WARNING: AutoLibraryloader::enable() and AutoLibraryLoader.h are deprecated.
Use FWLiteEnabler::enable() and FWLiteEnabler.h instead
WARNING: AutoLibraryloader::enable() and AutoLibraryLoader.h are deprecated.
Use FWLiteEnabler::enable() and FWLiteEnabler.h instead
WARNING: AutoLibraryloader::enable() and AutoLibraryLoader.h are deprecated.
Use FWLiteEnabler::enable() and FWLiteEnabler.h instead
begin producing the outfiles
0 / 105075607
begin producing the outfiles
begin producing the outfiles
begin producing the outfiles
begin producing the outfiles
begin producing the outfiles
begin producing the outfiles
begin producing the outfiles
begin producing the outfiles
begin producing the outfiles
begin producing the outfiles
begin producing the outfiles
begin producing the outfiles
begin producing the outfiles
0 / 87736045
0 / 111858963
begin producing the outfiles
begin producing the outfiles
0 / 111841797
begin producing the outfiles
begin producing the outfiles
0 / 111859378
0 / 106013368
0 / 111633897
0 / 109687967
0 / 107374010
0 / 111214484
0 / 111826347
0 / 107904927
begin producing the outfiles
0 / 102174980
0 / 111851720
0 / 105279356
0 / 101601627
0 / 106299219
0 / 89720609
0 / 111772459
1000000 / 111633897
1000000 / 111772459
1000000 / 87736045
1000000 / 111851720
1000000 / 106299219
1000000 / 111858963
1000000 / 111214484
1000000 / 105075607
1000000 / 111826347
1000000 / 107904927
1000000 / 105279356
1000000 / 101601627
1000000 / 109687967
1000000 / 102174980
1000000 / 111859378
1000000 / 107374010
1000000 / 89720609
1000000 / 106013368
1000000 / 111841797
1000000 / 102174980
1000000 / 89720609
